2017-10-03 21:35:49,029 [main] [org.springframework.beans.factory.support.DefaultListableBeanFactory]-[DEBUG] Returning cached instance of singleton bean 'sqlSessionFactory'
2017-10-03 21:35:49,031 [main] [org.springframework.beans.factory.support.DefaultListableBeanFactory]-[DEBUG] Autowiring by type from bean name 'tbOrderMapper' via property 'sqlSessionFactory' to bean named 'sqlSessionFactory'
2017-10-03 21:35:49,032 [main] [org.springframework.beans.factory.support.DefaultListableBeanFactory]-[DEBUG] Invoking afterPropertiesSet() on bean with name 'tbOrderMapper'
2017-10-03 21:35:49,103 [main] [org.springframework.beans.factory.support.DefaultListableBeanFactory]-[DEBUG] Finished creating instance of bean 'tbOrderMapper'
2017-10-03 21:35:49,104 [main] [org.springframework.beans.factory.support.DefaultListableBeanFactory]-[DEBUG] Returning cached instance of singleton bean 'sqlSessionFactory'
2017-10-03 21:35:49,104 [main] [org.springframework.beans.factory.support.DefaultListableBeanFactory]-[DEBUG] Autowiring by type from bean name 'tbOrderItemMapper' via property 'sqlSessionFactory' to bean named 'sqlSessionFactory'
2017-10-03 21:35:49,105 [main] [org.springframework.beans.factory.support.DefaultListableBeanFactory]-[DEBUG] Invoking afterPropertiesSet() on bean with name 'tbOrderItemMapper'
2017-10-03 21:35:49,151 [main] [org.springframework.beans.factory.support.DefaultListableBeanFactory]-[DEBUG] Finished creating instance of bean 'tbOrderItemMapper'
2017-10-03 21:35:49,152 [main] [org.springframework.beans.factory.support.DefaultListableBeanFactory]-[DEBUG] Returning cached instance of singleton bean 'sqlSessionFactory'
2017-10-03 21:35:49,153 [main] [org.springframework.beans.factory.support.DefaultListableBeanFactory]-[DEBUG] Autowiring by type from bean name 'tbItemParamMapper' via property 'sqlSessionFactory' to bean named 'sqlSessionFactory'
2017-10-03 21:35:49,155 [main] [org.springframework.beans.factory.support.DefaultListableBeanFactory]-[DEBUG] Invoking afterPropertiesSet() on bean with name 'tbItemParamMapper'
2017-10-03 21:35:49,209 [main] [org.springframework.beans.factory.support.DefaultListableBeanFactory]-[DEBUG] Finished creating instance of bean 'tbItemParamMapper'
2017-10-03 21:35:49,210 [main] [org.springframework.beans.factory.support.DefaultListableBeanFactory]-[DEBUG] Returning cached instance of singleton bean 'sqlSessionFactory'
2017-10-03 21:35:49,210 [main] [org.springframework.beans.factory.support.DefaultListableBeanFactory]-[DEBUG] Autowiring by type from bean name 'tbItemParamItemMapper' via property 'sqlSessionFactory' to bean named 'sqlSessionFactory'
2017-10-03 21:35:49,211 [main] [org.springframework.beans.factory.support.DefaultListableBeanFactory]-[DEBUG] Invoking afterPropertiesSet() on bean with name 'tbItemParamItemMapper'
2017-10-03 21:35:49,282 [main] [org.springframework.beans.factory.support.DefaultListableBeanFactory]-[DEBUG] Finished creating instance of bean 'tbItemParamItemMapper'
2017-10-03 21:35:49,284 [main] [org.springframework.beans.factory.support.DefaultListableBeanFactory]-[DEBUG] Returning cached instance of singleton bean 'sqlSessionFactory'
2017-10-03 21:35:49,284 [main] [org.springframework.beans.factory.support.DefaultListableBeanFactory]-[DEBUG] Autowiring by type from bean name 'tbItemMapper' via property 'sqlSessionFactory' to bean named 'sqlSessionFactory'
2017-10-03 21:35:49,285 [main] [org.springframework.beans.factory.support.DefaultListableBeanFactory]-[DEBUG] Invoking afterPropertiesSet() on bean with name 'tbItemMapper'
2017-10-03 21:35:49,336 [main] [org.springframework.beans.factory.support.DefaultListableBeanFactory]-[DEBUG] Finished creating instance of bean 'tbItemMapper'
2017-10-03 21:35:49,337 [main] [org.springframework.beans.factory.support.DefaultListableBeanFactory]-[DEBUG] Returning cached instance of singleton bean 'sqlSessionFactory'
2017-10-03 21:35:49,337 [main] [org.springframework.beans.factory.support.DefaultListableBeanFactory]-[DEBUG] Autowiring by type from bean name 'tbItemDescMapper' via property 'sqlSessionFactory' to bean named 'sqlSessionFactory'
2017-10-03 21:35:49,338 [main] [org.springframework.beans.factory.support.DefaultListableBeanFactory]-[DEBUG] Invoking afterPropertiesSet() on bean with name 'tbItemDescMapper'
2017-10-03 21:35:49,386 [main] [org.springframework.beans.factory.support.DefaultListableBeanFactory]-[DEBUG] Finished creating instance of bean 'tbItemDescMapper'
2017-10-03 21:35:49,387 [main] [org.springframework.beans.factory.support.DefaultListableBeanFactory]-[DEBUG] Returning cached instance of singleton bean 'sqlSessionFactory'
2017-10-03 21:35:49,387 [main] [org.springframework.beans.factory.support.DefaultListableBeanFactory]-[DEBUG] Autowiring by type from bean name 'tbItemCatMapper' via property 'sqlSessionFactory' to bean named 'sqlSessionFactory'
2017-10-03 21:35:49,388 [main] [org.springframework.beans.factory.support.DefaultListableBeanFactory]-[DEBUG] Invoking afterPropertiesSet() on bean with name 'tbItemCatMapper'
2017-10-03 21:35:49,424 [main] [org.springframework.beans.factory.support.DefaultListableBeanFactory]-[DEBUG] Finished creating instance of bean 'tbItemCatMapper'
2017-10-03 21:35:49,425 [main] [org.springframework.beans.factory.support.DefaultListableBeanFactory]-[DEBUG] Returning cached instance of singleton bean 'sqlSessionFactory'
2017-10-03 21:35:49,425 [main] [org.springframework.beans.factory.support.DefaultListableBeanFactory]-[DEBUG] Autowiring by type from bean name 'tbContentMapper' via property 'sqlSessionFactory' to bean named 'sqlSessionFactory'
2017-10-03 21:35:49,426 [main] [org.springframework.beans.factory.support.DefaultListableBeanFactory]-[DEBUG] Invoking afterPropertiesSet() on bean with name 'tbContentMapper'
2017-10-03 21:35:49,504 [main] [org.springframework.beans.factory.support.DefaultListableBeanFactory]-[DEBUG] Finished creating instance of bean 'tbContentMapper'
2017-10-03 21:35:49,505 [main] [org.springframework.beans.factory.support.DefaultListableBeanFactory]-[DEBUG] Returning cached instance of singleton bean 'sqlSessionFactory'
2017-10-03 21:35:49,506 [main] [org.springframework.beans.factory.support.DefaultListableBeanFactory]-[DEBUG] Autowiring by type from bean name 'tbContentCategoryMapper' via property 'sqlSessionFactory' to bean named 'sqlSessionFactory'
2017-10-03 21:35:49,507 [main] [org.springframework.beans.factory.support.DefaultListableBeanFactory]-[DEBUG] Invoking afterPropertiesSet() on bean with name 'tbContentCategoryMapper'
2017-10-03 21:35:49,544 [main] [org.springframework.beans.factory.support.DefaultListableBeanFactory]-[DEBUG] Finished creating instance of bean 'tbContentCategoryMapper'
2017-10-03 21:35:49,545 [main] [org.springframework.beans.factory.support.DefaultListableBeanFactory]-[DEBUG] Returning cached instance of singleton bean 'redisClient'
2017-10-03 21:35:49,545 [main] [org.springframework.beans.factory.annotation.AutowiredAnnotationBeanPostProcessor]-[DEBUG] Autowiring by type from bean name 'jedisClient' to bean named 'redisClient'
2017-10-03 21:35:49,545 [main] [org.springframework.beans.factory.support.DefaultListableBeanFactory]-[DEBUG] Returning cached instance of singleton bean 'org.springframework.aop.support.DefaultBeanFactoryPointcutAdvisor#0'
2017-10-03 21:35:49,546 [main] [org.springframework.beans.factory.support.DefaultListableBeanFactory]-[DEBUG] Returning cached instance of singleton bean 'org.springframework.aop.support.DefaultBeanFactoryPointcutAdvisor#0'
2017-10-03 21:35:49,549 [main] [org.springframework.beans.factory.support.DefaultListableBeanFactory]-[DEBUG] Finished creating instance of bean 'jedisClient'
2017-10-03 21:35:49,549 [main] [org.springframework.beans.factory.support.DefaultListableBeanFactory]-[DEBUG] Creating shared instance of singleton bean 'contentServiceImpl'
2017-10-03 21:35:49,549 [main] [org.springframework.beans.factory.support.DefaultListableBeanFactory]-[DEBUG] Creating instance of bean 'contentServiceImpl'
2017-10-03 21:35:49,549 [main] [org.springframework.beans.factory.support.DefaultListableBeanFactory]-[DEBUG] Returning cached instance of singleton bean 'org.springframework.aop.support.DefaultBeanFactoryPointcutAdvisor#0'
2017-10-03 21:35:49,551 [main] [org.springframework.beans.factory.annotation.InjectionMetadata]-[DEBUG] Registered injected element on class [com.taotao.rest.service.impl.ContentServiceImpl]: AutowiredFieldElement for private com.taotao.mapper.TbContentMapper com.taotao.rest.service.impl.ContentServiceImpl.contentMapper
2017-10-03 21:35:49,551 [main] [org.springframework.beans.factory.annotation.InjectionMetadata]-[DEBUG] Registered injected element on class [com.taotao.rest.service.impl.ContentServiceImpl]: AutowiredFieldElement for private com.taotao.rest.dao.JedisClient com.taotao.rest.service.impl.ContentServiceImpl.jedisClient
2017-10-03 21:35:49,552 [main] [org.springframework.beans.factory.annotation.InjectionMetadata]-[DEBUG] Registered injected element on class [com.taotao.rest.service.impl.ContentServiceImpl]: AutowiredFieldElement for private java.lang.String com.taotao.rest.service.impl.ContentServiceImpl.INDEX_CONTENT_REDIS_KEY
2017-10-03 21:35:49,552 [main] [org.springframework.beans.factory.support.DefaultListableBeanFactory]-[DEBUG] Eagerly caching bean 'contentServiceImpl' to allow for resolving potential circular references
2017-10-03 21:35:49,553 [main] [org.springframework.beans.factory.annotation.InjectionMetadata]-[DEBUG] Processing injected method of bean 'contentServiceImpl': AutowiredFieldElement for private com.taotao.mapper.TbContentMapper com.taotao.rest.service.impl.ContentServiceImpl.contentMapper
2017-10-03 21:35:49,554 [main] [org.springframework.beans.factory.support.DefaultListableBeanFactory]-[DEBUG] Returning cached instance of singleton bean 'tbContentMapper'
2017-10-03 21:35:49,554 [main] [org.springframework.beans.factory.support.DefaultListableBeanFactory]-[DEBUG] Returning cached instance of singleton bean 'org.springframework.aop.support.DefaultBeanFactoryPointcutAdvisor#0'
2017-10-03 21:35:49,554 [main] [org.springframework.beans.factory.support.DefaultListableBeanFactory]-[DEBUG] Returning cached instance of singleton bean 'org.springframework.aop.support.DefaultBeanFactoryPointcutAdvisor#0'
2017-10-03 21:35:49,562 [main] [org.springframework.beans.factory.annotation.AutowiredAnnotationBeanPostProcessor]-[DEBUG] Autowiring by type from bean name 'contentServiceImpl' to bean named 'tbContentMapper'
2017-10-03 21:35:49,563 [main] [org.springframework.beans.factory.annotation.InjectionMetadata]-[DEBUG] Processing injected method of bean 'contentServiceImpl': AutowiredFieldElement for private com.taotao.rest.dao.JedisClient com.taotao.rest.service.impl.ContentServiceImpl.jedisClient
2017-10-03 21:35:49,563 [main] [org.springframework.beans.factory.support.DefaultListableBeanFactory]-[DEBUG] Returning cached instance of singleton bean 'jedisClient'
2017-10-03 21:35:49,564 [main] [org.springframework.beans.factory.annotation.AutowiredAnnotationBeanPostProcessor]-[DEBUG] Autowiring by type from bean name 'contentServiceImpl' to bean named 'jedisClient'
2017-10-03 21:35:49,564 [main] [org.springframework.beans.factory.annotation.InjectionMetadata]-[DEBUG] Processing injected method of bean 'contentServiceImpl': AutowiredFieldElement for private java.lang.String com.taotao.rest.service.impl.ContentServiceImpl.INDEX_CONTENT_REDIS_KEY
2017-10-03 21:35:49,564 [main] [org.springframework.core.env.PropertySourcesPropertyResolver]-[DEBUG] Searching for key 'INDEX_CONTENT_REDIS_KEY' in [environmentProperties]
2017-10-03 21:35:49,565 [main] [org.springframework.core.env.PropertySourcesPropertyResolver]-[DEBUG] Searching for key 'INDEX_CONTENT_REDIS_KEY' in [systemProperties]
2017-10-03 21:35:49,565 [main] [org.springframework.core.env.PropertySourcesPropertyResolver]-[DEBUG] Searching for key 'INDEX_CONTENT_REDIS_KEY' in [systemEnvironment]
2017-10-03 21:35:49,565 [main] [org.springframework.core.env.PropertySourcesPropertyResolver]-[DEBUG] Could not find key 'INDEX_CONTENT_REDIS_KEY' in any property source. Returning [null]
2017-10-03 21:35:49,566 [main] [org.springframework.core.env.PropertySourcesPropertyResolver]-[DEBUG] Searching for key 'INDEX_CONTENT_REDIS_KEY' in [localProperties]
2017-10-03 21:35:49,566 [main] [org.springframework.core.env.PropertySourcesPropertyResolver]-[DEBUG] Found key 'INDEX_CONTENT_REDIS_KEY' in [localProperties] with type [String] and value 'INDEX_CONTENT_REDIS_KEY'
2017-10-03 21:35:49,566 [main] [org.springframework.beans.factory.support.DefaultListableBeanFactory]-[DEBUG] Returning cached instance of singleton bean 'org.springframework.aop.support.DefaultBeanFactoryPointcutAdvisor#0'
2017-10-03 21:35:49,566 [main] [org.springframework.beans.factory.support.DefaultListableBeanFactory]-[DEBUG] Returning cached instance of singleton bean 'org.springframework.aop.support.DefaultBeanFactoryPointcutAdvisor#0'
2017-10-03 21:35:49,567 [main] [org.springframework.beans.factory.support.DefaultListableBeanFactory]-[DEBUG] Creating shared instance of singleton bean 'txAdvice'
2017-10-03 21:35:49,568 [main] [org.springframework.beans.factory.support.DefaultListableBeanFactory]-[DEBUG] Creating instance of bean 'txAdvice'
2017-10-03 21:35:49,569 [main] [org.springframework.beans.factory.support.DefaultListableBeanFactory]-[DEBUG] Eagerly caching bean 'txAdvice' to allow for resolving potential circular references
2017-10-03 21:35:49,570 [main] [org.springframework.beans.factory.support.DefaultListableBeanFactory]-[DEBUG] Creating shared instance of singleton bean 'transactionManager'
2017-10-03 21:35:49,570 [main] [org.springframework.beans.factory.support.DefaultListableBeanFactory]-[DEBUG] Creating instance of bean 'transactionManager'
2017-10-03 21:35:49,571 [main] [org.springframework.beans.factory.support.DefaultListableBeanFactory]-[DEBUG] Returning cached instance of singleton bean 'org.springframework.aop.support.DefaultBeanFactoryPointcutAdvisor#0'
2017-10-03 21:35:49,572 [main] [org.springframework.beans.factory.support.DefaultListableBeanFactory]-[DEBUG] Eagerly caching bean 'transactionManager' to allow for resolving potential circular references
2017-10-03 21:35:49,573 [main] [org.springframework.beans.factory.support.DefaultListableBeanFactory]-[DEBUG] Returning cached instance of singleton bean 'dataSource'
2017-10-03 21:35:49,573 [main] [org.springframework.beans.factory.support.DefaultListableBeanFactory]-[DEBUG] Invoking afterPropertiesSet() on bean with name 'transactionManager'
2017-10-03 21:35:49,573 [main] [org.springframework.beans.factory.support.DefaultListableBeanFactory]-[DEBUG] Returning cached instance of singleton bean 'org.springframework.aop.support.DefaultBeanFactoryPointcutAdvisor#0'
2017-10-03 21:35:49,574 [main] [org.springframework.beans.factory.support.DefaultListableBeanFactory]-[DEBUG] Returning cached instance of singleton bean 'org.springframework.aop.support.DefaultBeanFactoryPointcutAdvisor#0'
2017-10-03 21:35:49,580 [main] [org.springframework.beans.factory.support.DefaultListableBeanFactory]-[DEBUG] Finished creating instance of bean 'transactionManager'
2017-10-03 21:35:49,580 [main] [org.springframework.beans.factory.support.DefaultListableBeanFactory]-[DEBUG] Creating instance of bean '(inner bean)#6a81262'
2017-10-03 21:35:49,580 [main] [org.springframework.beans.factory.support.DefaultListableBeanFactory]-[DEBUG] Returning cached instance of singleton bean 'org.springframework.aop.support.DefaultBeanFactoryPointcutAdvisor#0'
2017-10-03 21:35:49,582 [main] [org.springframework.transaction.interceptor.NameMatchTransactionAttributeSource]-[DEBUG] Adding transactional method [save*] with attribute [PROPAGATION_REQUIRED,ISOLATION_DEFAULT]
2017-10-03 21:35:49,582 [main] [org.springframework.transaction.interceptor.NameMatchTransactionAttributeSource]-[DEBUG] Adding transactional method [insert*] with attribute [PROPAGATION_REQUIRED,ISOLATION_DEFAULT]
2017-10-03 21:35:49,582 [main] [org.springframework.transaction.interceptor.NameMatchTransactionAttributeSource]-[DEBUG] Adding transactional method [add*] with attribute [PROPAGATION_REQUIRED,ISOLATION_DEFAULT]
2017-10-03 21:35:49,582 [main] [org.springframework.transaction.interceptor.NameMatchTransactionAttributeSource]-[DEBUG] Adding transactional method [create*] with attribute [PROPAGATION_REQUIRED,ISOLATION_DEFAULT]
2017-10-03 21:35:49,583 [main] [org.springframework.transaction.interceptor.NameMatchTransactionAttributeSource]-[DEBUG] Adding transactional method [delete*] with attribute [PROPAGATION_REQUIRED,ISOLATION_DEFAULT]
2017-10-03 21:35:49,583 [main] [org.springframework.transaction.interceptor.NameMatchTransactionAttributeSource]-[DEBUG] Adding transactional method [update*] with attribute [PROPAGATION_REQUIRED,ISOLATION_DEFAULT]
2017-10-03 21:35:49,583 [main] [org.springframework.transaction.interceptor.NameMatchTransactionAttributeSource]-[DEBUG] Adding transactional method [find*] with attribute [PROPAGATION_SUPPORTS,ISOLATION_DEFAULT,readOnly]
2017-10-03 21:35:49,583 [main] [org.springframework.transaction.interceptor.NameMatchTransactionAttributeSource]-[DEBUG] Adding transactional method [select*] with attribute [PROPAGATION_SUPPORTS,ISOLATION_DEFAULT,readOnly]
2017-10-03 21:35:49,584 [main] [org.springframework.transaction.interceptor.NameMatchTransactionAttributeSource]-[DEBUG] Adding transactional method [get*] with attribute [PROPAGATION_SUPPORTS,ISOLATION_DEFAULT,readOnly]
2017-10-03 21:35:49,584 [main] [org.springframework.beans.factory.support.DefaultListableBeanFactory]-[DEBUG] Returning cached instance of singleton bean 'org.springframework.aop.support.DefaultBeanFactoryPointcutAdvisor#0'
2017-10-03 21:35:49,584 [main] [org.springframework.beans.factory.support.DefaultListableBeanFactory]-[DEBUG] Returning cached instance of singleton bean 'org.springframework.aop.support.DefaultBeanFactoryPointcutAdvisor#0'
2017-10-03 21:35:49,586 [main] [org.springframework.beans.factory.support.DefaultListableBeanFactory]-[DEBUG] Finished creating instance of bean '(inner bean)#6a81262'
2017-10-03 21:35:49,587 [main] [org.springframework.beans.factory.support.DefaultListableBeanFactory]-[DEBUG] Invoking afterPropertiesSet() on bean with name 'txAdvice'
2017-10-03 21:35:49,588 [main] [org.springframework.beans.factory.support.DefaultListableBeanFactory]-[DEBUG] Finished creating instance of bean 'txAdvice'
2017-10-03 21:35:49,589 [main] [org.springframework.aop.aspectj.autoproxy.AspectJAwareAdvisorAutoProxyCreator]-[DEBUG] Creating implicit proxy for bean 'contentServiceImpl' with 0 common interceptors and 2 specific interceptors
2017-10-03 21:35:49,589 [main] [org.springframework.aop.framework.JdkDynamicAopProxy]-[DEBUG] Creating JDK dynamic proxy: target source is SingletonTargetSource for target object [com.taotao.rest.service.impl.ContentServiceImpl@44ee358]
2017-10-03 21:35:49,590 [main] [org.springframework.beans.factory.support.DefaultListableBeanFactory]-[DEBUG] Finished creating instance of bean 'contentServiceImpl'
2017-10-03 21:35:49,590 [main] [org.springframework.beans.factory.support.DefaultListableBeanFactory]-[DEBUG] Creating shared instance of singleton bean 'itemCatServiceImpl'
2017-10-03 21:35:49,590 [main] [org.springframework.beans.factory.support.DefaultListableBeanFactory]-[DEBUG] Creating instance of bean 'itemCatServiceImpl'
2017-10-03 21:35:49,591 [main] [org.springframework.beans.factory.support.DefaultListableBeanFactory]-[DEBUG] Returning cached instance of singleton bean 'org.springframework.aop.support.DefaultBeanFactoryPointcutAdvisor#0'
2017-10-03 21:35:49,592 [main] [org.springframework.beans.factory.annotation.InjectionMetadata]-[DEBUG] Registered injected element on class [com.taotao.rest.service.impl.ItemCatServiceImpl]: AutowiredFieldElement for private com.taotao.mapper.TbItemCatMapper com.taotao.rest.service.impl.ItemCatServiceImpl.itemCatMapper
2017-10-03 21:35:49,592 [main] [org.springframework.beans.factory.support.DefaultListableBeanFactory]-[DEBUG] Eagerly caching bean 'itemCatServiceImpl' to allow for resolving potential circular references
2017-10-03 21:35:49,593 [main] [org.springframework.beans.factory.annotation.InjectionMetadata]-[DEBUG] Processing injected method of bean 'itemCatServiceImpl': AutowiredFieldElement for private com.taotao.mapper.TbItemCatMapper com.taotao.rest.service.impl.ItemCatServiceImpl.itemCatMapper
2017-10-03 21:35:49,594 [main] [org.springframework.beans.factory.support.DefaultListableBeanFactory]-[DEBUG] Returning cached instance of singleton bean 'tbItemCatMapper'
2017-10-03 21:35:49,594 [main] [org.springframework.beans.factory.support.DefaultListableBeanFactory]-[DEBUG] Returning cached instance of singleton bean 'org.springframework.aop.support.DefaultBeanFactoryPointcutAdvisor#0'
2017-10-03 21:35:49,594 [main] [org.springframework.beans.factory.support.DefaultListableBeanFactory]-[DEBUG] Returning cached instance of singleton bean 'org.springframework.aop.support.DefaultBeanFactoryPointcutAdvisor#0'
2017-10-03 21:35:49,599 [main] [org.springframework.beans.factory.annotation.AutowiredAnnotationBeanPostProcessor]-[DEBUG] Autowiring by type from bean name 'itemCatServiceImpl' to bean named 'tbItemCatMapper'
2017-10-03 21:35:49,599 [main] [org.springframework.beans.factory.support.DefaultListableBeanFactory]-[DEBUG] Returning cached instance of singleton bean 'org.springframework.aop.support.DefaultBeanFactoryPointcutAdvisor#0'
2017-10-03 21:35:49,599 [main] [org.springframework.beans.factory.support.DefaultListableBeanFactory]-[DEBUG] Returning cached instance of singleton bean 'org.springframework.aop.support.DefaultBeanFactoryPointcutAdvisor#0'
2017-10-03 21:35:49,600 [main] [org.springframework.aop.aspectj.autoproxy.AspectJAwareAdvisorAutoProxyCreator]-[DEBUG] Creating implicit proxy for bean 'itemCatServiceImpl' with 0 common interceptors and 2 specific interceptors
2017-10-03 21:35:49,601 [main] [org.springframework.aop.framework.JdkDynamicAopProxy]-[DEBUG] Creating JDK dynamic proxy: target source is SingletonTargetSource for target object [com.taotao.rest.service.impl.ItemCatServiceImpl@572fa89d]
2017-10-03 21:35:49,601 [main] [org.springframework.beans.factory.support.DefaultListableBeanFactory]-[DEBUG] Finished creating instance of bean 'itemCatServiceImpl'
2017-10-03 21:35:49,601 [main] [org.springframework.beans.factory.support.DefaultListableBeanFactory]-[DEBUG] Creating shared instance of singleton bean 'itemServiceImpl'
2017-10-03 21:35:49,601 [main] [org.springframework.beans.factory.support.DefaultListableBeanFactory]-[DEBUG] Creating instance of bean 'itemServiceImpl'
2017-10-03 21:35:49,602 [main] [org.springframework.beans.factory.support.DefaultListableBeanFactory]-[DEBUG] Returning cached instance of singleton bean 'org.springframework.aop.support.DefaultBeanFactoryPointcutAdvisor#0'
2017-10-03 21:35:49,619 [main] [org.springframework.beans.factory.annotation.InjectionMetadata]-[DEBUG] Registered injected element on class [com.taotao.rest.service.impl.ItemServiceImpl]: AutowiredFieldElement for private com.taotao.mapper.TbItemMapper com.taotao.rest.service.impl.ItemServiceImpl.itemMapper
2017-10-03 21:35:49,620 [main] [org.springframework.beans.factory.annotation.InjectionMetadata]-[DEBUG] Registered injected element on class [com.taotao.rest.service.impl.ItemServiceImpl]: AutowiredFieldElement for private com.taotao.mapper.TbItemDescMapper com.taotao.rest.service.impl.ItemServiceImpl.itemDescMapper
2017-10-03 21:35:49,620 [main] [org.springframework.beans.factory.annotation.InjectionMetadata]-[DEBUG] Registered injected element on class [com.taotao.rest.service.impl.ItemServiceImpl]: AutowiredFieldElement for private com.taotao.mapper.TbItemParamItemMapper com.taotao.rest.service.impl.ItemServiceImpl.itemParamItemMapper
2017-10-03 21:35:49,621 [main] [org.springframework.beans.factory.annotation.InjectionMetadata]-[DEBUG] Registered injected element on class [com.taotao.rest.service.impl.ItemServiceImpl]: AutowiredFieldElement for private java.lang.String com.taotao.rest.service.impl.ItemServiceImpl.REDIS_ITEM_KEY
2017-10-03 21:35:49,621 [main] [org.springframework.beans.factory.annotation.InjectionMetadata]-[DEBUG] Registered injected element on class [com.taotao.rest.service.impl.ItemServiceImpl]: AutowiredFieldElement for private java.lang.Integer com.taotao.rest.service.impl.ItemServiceImpl.REDIS_ITEM_EXPIRE
2017-10-03 21:35:49,621 [main] [org.springframework.beans.factory.annotation.InjectionMetadata]-[DEBUG] Registered injected element on class [com.taotao.rest.service.impl.ItemServiceImpl]: AutowiredFieldElement for private com.taotao.rest.dao.JedisClient com.taotao.rest.service.impl.ItemServiceImpl.jedisClient
2017-10-03 21:35:49,622 [main] [org.springframework.beans.factory.support.DefaultListableBeanFactory]-[DEBUG] Eagerly caching bean 'itemServiceImpl' to allow for resolving potential circular references
2017-10-03 21:35:49,622 [main] [org.springframework.beans.factory.annotation.InjectionMetadata]-[DEBUG] Processing injected method of bean 'itemServiceImpl': AutowiredFieldElement for private com.taotao.mapper.TbItemMapper com.taotao.rest.service.impl.ItemServiceImpl.itemMapper
2017-10-03 21:35:49,623 [main] [org.springframework.beans.factory.support.DefaultListableBeanFactory]-[DEBUG] Returning cached instance of singleton bean 'tbItemMapper'
2017-10-03 21:35:49,623 [main] [org.springframework.beans.factory.support.DefaultListableBeanFactory]-[DEBUG] Returning cached instance of singleton bean 'org.springframework.aop.support.DefaultBeanFactoryPointcutAdvisor#0'
2017-10-03 21:35:49,623 [main] [org.springframework.beans.factory.support.DefaultListableBeanFactory]-[DEBUG] Returning cached instance of singleton bean 'org.springframework.aop.support.DefaultBeanFactoryPointcutAdvisor#0'
2017-10-03 21:35:49,635 [main] [org.springframework.beans.factory.annotation.AutowiredAnnotationBeanPostProcessor]-[DEBUG] Autowiring by type from bean name 'itemServiceImpl' to bean named 'tbItemMapper'
2017-10-03 21:35:49,636 [main] [org.springframework.beans.factory.annotation.InjectionMetadata]-[DEBUG] Processing injected method of bean 'itemServiceImpl': AutowiredFieldElement for private com.taotao.mapper.TbItemDescMapper com.taotao.rest.service.impl.ItemServiceImpl.itemDescMapper
2017-10-03 21:35:49,637 [main] [org.springframework.beans.factory.support.DefaultListableBeanFactory]-[DEBUG] Returning cached instance of singleton bean 'tbItemDescMapper'
2017-10-03 21:35:49,638 [main] [org.springframework.beans.factory.support.DefaultListableBeanFactory]-[DEBUG] Returning cached instance of singleton bean 'org.springframework.aop.support.DefaultBeanFactoryPointcutAdvisor#0'
2017-10-03 21:35:49,638 [main] [org.springframework.beans.factory.support.DefaultListableBeanFactory]-[DEBUG] Returning cached instance of singleton bean 'org.springframework.aop.support.DefaultBeanFactoryPointcutAdvisor#0'
2017-10-03 21:35:49,645 [main] [org.springframework.beans.factory.annotation.AutowiredAnnotationBeanPostProcessor]-[DEBUG] Autowiring by type from bean name 'itemServiceImpl' to bean named 'tbItemDescMapper'
2017-10-03 21:35:49,645 [main] [org.springframework.beans.factory.annotation.InjectionMetadata]-[DEBUG] Processing injected method of bean 'itemServiceImpl': AutowiredFieldElement for private com.taotao.mapper.TbItemParamItemMapper com.taotao.rest.service.impl.ItemServiceImpl.itemParamItemMapper
2017-10-03 21:35:49,646 [main] [org.springframework.beans.factory.support.DefaultListableBeanFactory]-[DEBUG] Returning cached instance of singleton bean 'tbItemParamItemMapper'
2017-10-03 21:35:49,682 [main] [org.springframework.beans.factory.support.DefaultListableBeanFactory]-[DEBUG] Returning cached instance of singleton bean 'org.springframework.aop.support.DefaultBeanFactoryPointcutAdvisor#0'
2017-10-03 21:35:49,687 [main] [org.springframework.beans.factory.support.DefaultListableBeanFactory]-[DEBUG] Returning cached instance of singleton bean 'org.springframework.aop.support.DefaultBeanFactoryPointcutAdvisor#0'
2017-10-03 21:35:49,692 [main] [org.springframework.beans.factory.annotation.AutowiredAnnotationBeanPostProcessor]-[DEBUG] Autowiring by type from bean name 'itemServiceImpl' to bean named 'tbItemParamItemMapper'
2017-10-03 21:35:49,693 [main] [org.springframework.beans.factory.annotation.InjectionMetadata]-[DEBUG] Processing injected method of bean 'itemServiceImpl': AutowiredFieldElement for private java.lang.String com.taotao.rest.service.impl.ItemServiceImpl.REDIS_ITEM_KEY
2017-10-03 21:35:49,694 [main] [org.springframework.core.env.PropertySourcesPropertyResolver]-[DEBUG] Searching for key 'REDIS_ITEM_KEY' in [environmentProperties]
2017-10-03 21:35:49,694 [main] [org.springframework.core.env.PropertySourcesPropertyResolver]-[DEBUG] Searching for key 'REDIS_ITEM_KEY' in [systemProperties]
2017-10-03 21:35:49,695 [main] [org.springframework.core.env.PropertySourcesPropertyResolver]-[DEBUG] Searching for key 'REDIS_ITEM_KEY' in [systemEnvironment]
2017-10-03 21:35:49,695 [main] [org.springframework.core.env.PropertySourcesPropertyResolver]-[DEBUG] Could not find key 'REDIS_ITEM_KEY' in any property source. Returning [null]
2017-10-03 21:35:49,695 [main] [org.springframework.core.env.PropertySourcesPropertyResolver]-[DEBUG] Searching for key 'REDIS_ITEM_KEY' in [localProperties]
2017-10-03 21:35:49,696 [main] [org.springframework.core.env.PropertySourcesPropertyResolver]-[DEBUG] Found key 'REDIS_ITEM_KEY' in [localProperties] with type [String] and value 'REDIS_ITEM_KEY'
2017-10-03 21:35:49,696 [main] [org.springframework.beans.factory.annotation.InjectionMetadata]-[DEBUG] Processing injected method of bean 'itemServiceImpl': AutowiredFieldElement for private java.lang.Integer com.taotao.rest.service.impl.ItemServiceImpl.REDIS_ITEM_EXPIRE
2017-10-03 21:35:49,697 [main] [org.springframework.core.env.PropertySourcesPropertyResolver]-[DEBUG] Searching for key 'REDIS_ITEM_EXPIRE' in [environmentProperties]
2017-10-03 21:35:49,697 [main] [org.springframework.core.env.PropertySourcesPropertyResolver]-[DEBUG] Searching for key 'REDIS_ITEM_EXPIRE' in [systemProperties]
2017-10-03 21:35:49,698 [main] [org.springframework.core.env.PropertySourcesPropertyResolver]-[DEBUG] Searching for key 'REDIS_ITEM_EXPIRE' in [systemEnvironment]
2017-10-03 21:35:49,698 [main] [org.springframework.core.env.PropertySourcesPropertyResolver]-[DEBUG] Could not find key 'REDIS_ITEM_EXPIRE' in any property source. Returning [null]
2017-10-03 21:35:49,698 [main] [org.springframework.core.env.PropertySourcesPropertyResolver]-[DEBUG] Searching for key 'REDIS_ITEM_EXPIRE' in [localProperties]
2017-10-03 21:35:49,699 [main] [org.springframework.core.env.PropertySourcesPropertyResolver]-[DEBUG] Found key 'REDIS_ITEM_EXPIRE' in [localProperties] with type [String] and value '86400'
2017-10-03 21:35:49,699 [main] [org.springframework.beans.factory.annotation.InjectionMetadata]-[DEBUG] Processing injected method of bean 'itemServiceImpl': AutowiredFieldElement for private com.taotao.rest.dao.JedisClient com.taotao.rest.service.impl.ItemServiceImpl.jedisClient
2017-10-03 21:35:49,700 [main] [org.springframework.beans.factory.support.DefaultListableBeanFactory]-[DEBUG] Returning cached instance of singleton bean 'jedisClient'
2017-10-03 21:35:49,700 [main] [org.springframework.beans.factory.annotation.AutowiredAnnotationBeanPostProcessor]-[DEBUG] Autowiring by type from bean name 'itemServiceImpl' to bean named 'jedisClient'
2017-10-03 21:35:49,701 [main] [org.springframework.beans.factory.support.DefaultListableBeanFactory]-[DEBUG] Returning cached instance of singleton bean 'org.springframework.aop.support.DefaultBeanFactoryPointcutAdvisor#0'
2017-10-03 21:35:49,701 [main] [org.springframework.beans.factory.support.DefaultListableBeanFactory]-[DEBUG] Returning cached instance of singleton bean 'org.springframework.aop.support.DefaultBeanFactoryPointcutAdvisor#0'
2017-10-03 21:35:49,702 [main] [org.springframework.aop.aspectj.autoproxy.AspectJAwareAdvisorAutoProxyCreator]-[DEBUG] Creating implicit proxy for bean 'itemServiceImpl' with 0 common interceptors and 2 specific interceptors
2017-10-03 21:35:49,703 [main] [org.springframework.aop.framework.JdkDynamicAopProxy]-[DEBUG] Creating JDK dynamic proxy: target source is SingletonTargetSource for target object [com.taotao.rest.service.impl.ItemServiceImpl@16cb436a]
2017-10-03 21:35:49,703 [main] [org.springframework.beans.factory.support.DefaultListableBeanFactory]-[DEBUG] Finished creating instance of bean 'itemServiceImpl'
2017-10-03 21:35:49,703 [main] [org.springframework.beans.factory.support.DefaultListableBeanFactory]-[DEBUG] Creating shared instance of singleton bean 'redisServiceImpl'
2017-10-03 21:35:49,703 [main] [org.springframework.beans.factory.support.DefaultListableBeanFactory]-[DEBUG] Creating instance of bean 'redisServiceImpl'
2017-10-03 21:35:49,703 [main] [org.springframework.beans.factory.support.DefaultListableBeanFactory]-[DEBUG] Returning cached instance of singleton bean 'org.springframework.aop.support.DefaultBeanFactoryPointcutAdvisor#0'
2017-10-03 21:35:49,719 [main] [org.springframework.beans.factory.annotation.InjectionMetadata]-[DEBUG] Registered injected element on class [com.taotao.rest.service.impl.RedisServiceImpl]: AutowiredFieldElement for private com.taotao.rest.dao.JedisClient com.taotao.rest.service.impl.RedisServiceImpl.jedisClient
2017-10-03 21:35:49,719 [main] [org.springframework.beans.factory.annotation.InjectionMetadata]-[DEBUG] Registered injected element on class [com.taotao.rest.service.impl.RedisServiceImpl]: AutowiredFieldElement for private java.lang.String com.taotao.rest.service.impl.RedisServiceImpl.INDEX_CONTENT_REDIS_KEY
2017-10-03 21:35:49,719 [main] [org.springframework.beans.factory.support.DefaultListableBeanFactory]-[DEBUG] Eagerly caching bean 'redisServiceImpl' to allow for resolving potential circular references
2017-10-03 21:35:49,720 [main] [org.springframework.beans.factory.annotation.InjectionMetadata]-[DEBUG] Processing injected method of bean 'redisServiceImpl': AutowiredFieldElement for private com.taotao.rest.dao.JedisClient com.taotao.rest.service.impl.RedisServiceImpl.jedisClient
2017-10-03 21:35:49,720 [main] [org.springframework.beans.factory.support.DefaultListableBeanFactory]-[DEBUG] Returning cached instance of singleton bean 'jedisClient'
2017-10-03 21:35:49,721 [main] [org.springframework.beans.factory.annotation.AutowiredAnnotationBeanPostProcessor]-[DEBUG] Autowiring by type from bean name 'redisServiceImpl' to bean named 'jedisClient'
2017-10-03 21:35:49,721 [main] [org.springframework.beans.factory.annotation.InjectionMetadata]-[DEBUG] Processing injected method of bean 'redisServiceImpl': AutowiredFieldElement for private java.lang.String com.taotao.rest.service.impl.RedisServiceImpl.INDEX_CONTENT_REDIS_KEY
2017-10-03 21:35:49,723 [main] [org.springframework.core.env.PropertySourcesPropertyResolver]-[DEBUG] Searching for key 'INDEX_CONTENT_REDIS_KEY' in [environmentProperties]
2017-10-03 21:35:49,723 [main] [org.springframework.core.env.PropertySourcesPropertyResolver]-[DEBUG] Searching for key 'INDEX_CONTENT_REDIS_KEY' in [systemProperties]
2017-10-03 21:35:49,723 [main] [org.springframework.core.env.PropertySourcesPropertyResolver]-[DEBUG] Searching for key 'INDEX_CONTENT_REDIS_KEY' in [systemEnvironment]
2017-10-03 21:35:49,724 [main] [org.springframework.core.env.PropertySourcesPropertyResolver]-[DEBUG] Could not find key 'INDEX_CONTENT_REDIS_KEY' in any property source. Returning [null]
2017-10-03 21:35:49,724 [main] [org.springframework.core.env.PropertySourcesPropertyResolver]-[DEBUG] Searching for key 'INDEX_CONTENT_REDIS_KEY' in [localProperties]
2017-10-03 21:35:49,725 [main] [org.springframework.core.env.PropertySourcesPropertyResolver]-[DEBUG] Found key 'INDEX_CONTENT_REDIS_KEY' in [localProperties] with type [String] and value 'INDEX_CONTENT_REDIS_KEY'
2017-10-03 21:35:49,725 [main] [org.springframework.beans.factory.support.DefaultListableBeanFactory]-[DEBUG] Returning cached instance of singleton bean 'org.springframework.aop.support.DefaultBeanFactoryPointcutAdvisor#0'
2017-10-03 21:35:49,725 [main] [org.springframework.beans.factory.support.DefaultListableBeanFactory]-[DEBUG] Returning cached instance of singleton bean 'org.springframework.aop.support.DefaultBeanFactoryPointcutAdvisor#0'
2017-10-03 21:35:49,727 [main] [org.springframework.aop.aspectj.autoproxy.AspectJAwareAdvisorAutoProxyCreator]-[DEBUG] Creating implicit proxy for bean 'redisServiceImpl' with 0 common interceptors and 2 specific interceptors
2017-10-03 21:35:49,727 [main] [org.springframework.aop.framework.JdkDynamicAopProxy]-[DEBUG] Creating JDK dynamic proxy: target source is SingletonTargetSource for target object [com.taotao.rest.service.impl.RedisServiceImpl@7bd7d821]
2017-10-03 21:35:49,728 [main] [org.springframework.beans.factory.support.DefaultListableBeanFactory]-[DEBUG] Finished creating instance of bean 'redisServiceImpl'
2017-10-03 21:35:49,728 [main] [org.springframework.beans.factory.support.DefaultListableBeanFactory]-[DEBUG] Returning cached instance of singleton bean 'org.springframework.context.annotation.internalConfigurationAnnotationProcessor'
2017-10-03 21:35:49,729 [main] [org.springframework.beans.factory.support.DefaultListableBeanFactory]-[DEBUG] Returning cached instance of singleton bean 'org.springframework.context.annotation.internalAutowiredAnnotationProcessor'
2017-10-03 21:35:49,729 [main] [org.springframework.beans.factory.support.DefaultListableBeanFactory]-[DEBUG] Returning cached instance of singleton bean 'org.springframework.context.annotation.internalRequiredAnnotationProcessor'
2017-10-03 21:35:49,729 [main] [org.springframework.beans.factory.support.DefaultListableBeanFactory]-[DEBUG] Returning cached instance of singleton bean 'org.springframework.context.annotation.internalCommonAnnotationProcessor'
2017-10-03 21:35:49,729 [main] [org.springframework.beans.factory.support.DefaultListableBeanFactory]-[DEBUG] Returning cached instance of singleton bean 'transactionManager'
2017-10-03 21:35:49,730 [main] [org.springframework.beans.factory.support.DefaultListableBeanFactory]-[DEBUG] Returning cached instance of singleton bean 'txAdvice'
2017-10-03 21:35:49,730 [main] [org.springframework.beans.factory.support.DefaultListableBeanFactory]-[DEBUG] Returning cached instance of singleton bean 'org.springframework.aop.config.internalAutoProxyCreator'
2017-10-03 21:35:49,731 [main] [org.springframework.beans.factory.support.DefaultListableBeanFactory]-[DEBUG] Returning cached instance of singleton bean 'org.springframework.aop.support.DefaultBeanFactoryPointcutAdvisor#0'
2017-10-03 21:35:49,731 [main] [org.springframework.beans.factory.support.DefaultListableBeanFactory]-[DEBUG] Returning cached instance of singleton bean 'org.springframework.context.annotation.ConfigurationClassPostProcessor.importAwareProcessor'
2017-10-03 21:35:49,731 [main] [org.springframework.beans.factory.support.DefaultListableBeanFactory]-[DEBUG] Returning cached instance of singleton bean 'org.springframework.context.annotation.ConfigurationClassPostProcessor.enhancedConfigurationProcessor'
2017-10-03 21:35:49,732 [main] [org.springframework.beans.factory.support.DefaultListableBeanFactory]-[DEBUG] Returning cached instance of singleton bean 'tbContentCategoryMapper'
2017-10-03 21:35:49,732 [main] [org.springframework.beans.factory.support.DefaultListableBeanFactory]-[DEBUG] Returning cached instance of singleton bean 'tbContentMapper'
2017-10-03 21:35:49,733 [main] [org.springframework.beans.factory.support.DefaultListableBeanFactory]-[DEBUG] Returning cached instance of singleton bean 'tbItemCatMapper'
2017-10-03 21:35:49,733 [main] [org.springframework.beans.factory.support.DefaultListableBeanFactory]-[DEBUG] Returning cached instance of singleton bean 'tbItemDescMapper'
2017-10-03 21:35:49,734 [main] [org.springframework.beans.factory.support.DefaultListableBeanFactory]-[DEBUG] Returning cached instance of singleton bean 'tbItemMapper'
2017-10-03 21:35:49,738 [main] [org.springframework.beans.factory.support.DefaultListableBeanFactory]-[DEBUG] Returning cached instance of singleton bean 'tbItemParamItemMapper'
2017-10-03 21:35:49,739 [main] [org.springframework.beans.factory.support.DefaultListableBeanFactory]-[DEBUG] Returning cached instance of singleton bean 'tbItemParamMapper'
2017-10-03 21:35:49,739 [main] [org.springframework.beans.factory.support.DefaultListableBeanFactory]-[DEBUG] Returning cached instance of singleton bean 'tbOrderItemMapper'
2017-10-03 21:35:49,739 [main] [org.springframework.beans.factory.support.DefaultListableBeanFactory]-[DEBUG] Returning cached instance of singleton bean 'tbOrderMapper'
2017-10-03 21:35:49,740 [main] [org.springframework.beans.factory.support.DefaultListableBeanFactory]-[DEBUG] Returning cached instance of singleton bean 'tbOrderShippingMapper'
2017-10-03 21:35:49,740 [main] [org.springframework.beans.factory.support.DefaultListableBeanFactory]-[DEBUG] Returning cached instance of singleton bean 'tbUserMapper'
2017-10-03 21:35:49,741 [main] [org.springframework.context.support.ClassPathXmlApplicationContext]-[DEBUG] Unable to locate LifecycleProcessor with name 'lifecycleProcessor': using default [org.springframework.context.support.DefaultLifecycleProcessor@17ae9e0c]
2017-10-03 21:35:49,742 [main] [org.springframework.beans.factory.support.DefaultListableBeanFactory]-[DEBUG] Returning cached instance of singleton bean 'lifecycleProcessor'
2017-10-03 21:35:49,743 [main] [org.springframework.beans.factory.support.DefaultListableBeanFactory]-[DEBUG] Returning cached instance of singleton bean 'sqlSessionFactory'
2017-10-03 21:35:49,744 [main] [org.springframework.core.env.PropertySourcesPropertyResolver]-[DEBUG] Searching for key 'spring.liveBeansView.mbeanDomain' in [systemProperties]
2017-10-03 21:35:49,744 [main] [org.springframework.core.env.PropertySourcesPropertyResolver]-[DEBUG] Searching for key 'spring.liveBeansView.mbeanDomain' in [systemEnvironment]
2017-10-03 21:35:49,744 [main] [org.springframework.core.env.PropertySourcesPropertyResolver]-[DEBUG] Could not find key 'spring.liveBeansView.mbeanDomain' in any property source. Returning [null]
2017-10-03 21:35:49,744 [main] [org.springframework.beans.factory.support.DefaultListableBeanFactory]-[DEBUG] Returning cached instance of singleton bean 'redisClient'
2017-10-03 21:35:49,946 [main] [org.apache.solr.client.solrj.impl.HttpClientUtil]-[DEBUG] Creating new http client, config:maxConnections=128&maxConnectionsPerHost=32&followRedirects=false
2017-10-03 21:35:51,923 [main] [org.apache.http.impl.conn.PoolingClientConnectionManager]-[DEBUG] Connection request: [route: {}->http://192.168.25.154:8080][total kept alive: 0; route allocated: 0 of 32; total allocated: 0 of 128]
2017-10-03 21:35:51,964 [main] [org.apache.http.impl.conn.PoolingClientConnectionManager]-[DEBUG] Connection leased: [id: 0][route: {}->http://192.168.25.154:8080][total kept alive: 0; route allocated: 1 of 32; total allocated: 1 of 128]
2017-10-03 21:35:51,968 [main] [org.apache.http.impl.conn.DefaultClientConnectionOperator]-[DEBUG] Connecting to 192.168.25.154:8080
2017-10-03 21:36:12,971 [main] [org.apache.http.impl.conn.DefaultClientConnection]-[DEBUG] Connection org.apache.http.impl.conn.DefaultClientConnection@6326e598 closed
2017-10-03 21:36:12,971 [main] [org.apache.http.impl.conn.DefaultClientConnection]-[DEBUG] Connection org.apache.http.impl.conn.DefaultClientConnection@6326e598 shut down
2017-10-03 21:36:12,971 [main] [org.apache.http.impl.conn.DefaultClientConnection]-[DEBUG] Connection org.apache.http.impl.conn.DefaultClientConnection@6326e598 closed
2017-10-03 21:36:12,972 [main] [org.apache.http.impl.conn.PoolingClientConnectionManager]-[DEBUG] Connection released: [id: 0][route: {}->http://192.168.25.154:8080][total kept alive: 0; route allocated: 0 of 32; total allocated: 0 of 128]
2017-10-03 21:36:12,973 [main] [org.apache.solr.client.solrj.impl.HttpClientUtil]-[DEBUG] Creating new http client, config:maxConnections=128&maxConnectionsPerHost=32&followRedirects=false
2017-10-03 21:36:13,048 [main] [org.apache.http.impl.conn.PoolingClientConnectionManager]-[DEBUG] Connection request: [route: {}->http://192.168.25.154:8080][total kept alive: 0; route allocated: 0 of 32; total allocated: 0 of 128]
2017-10-03 21:36:13,048 [main] [org.apache.http.impl.conn.PoolingClientConnectionManager]-[DEBUG] Connection leased: [id: 1][route: {}->http://192.168.25.154:8080][total kept alive: 0; route allocated: 1 of 32; total allocated: 1 of 128]
2017-10-03 21:36:13,048 [main] [org.apache.http.impl.conn.DefaultClientConnectionOperator]-[DEBUG] Connecting to 192.168.25.154:8080
2017-10-03 21:36:34,054 [main] [org.apache.http.impl.conn.DefaultClientConnection]-[DEBUG] Connection org.apache.http.impl.conn.DefaultClientConnection@41ecf0a7 closed
2017-10-03 21:36:34,054 [main] [org.apache.http.impl.conn.DefaultClientConnection]-[DEBUG] Connection org.apache.http.impl.conn.DefaultClientConnection@41ecf0a7 shut down
2017-10-03 21:36:34,054 [main] [org.apache.http.impl.conn.DefaultClientConnection]-[DEBUG] Connection org.apache.http.impl.conn.DefaultClientConnection@41ecf0a7 closed
2017-10-03 21:36:34,054 [main] [org.apache.http.impl.conn.PoolingClientConnectionManager]-[DEBUG] Connection released: [id: 1][route: {}->http://192.168.25.154:8080][total kept alive: 0; route allocated: 0 of 32; total allocated: 0 of 128]
2017-10-03 21:36:34,056 [main] [org.apache.solr.client.solrj.impl.HttpClientUtil]-[DEBUG] Creating new http client, config:maxConnections=128&maxConnectionsPerHost=32&followRedirects=false
2017-10-03 21:36:34,096 [main] [org.apache.http.impl.conn.PoolingClientConnectionManager]-[DEBUG] Connection request: [route: {}->http://192.168.25.154:8080][total kept alive: 0; route allocated: 0 of 32; total allocated: 0 of 128]
2017-10-03 21:36:34,096 [main] [org.apache.http.impl.conn.PoolingClientConnectionManager]-[DEBUG] Connection leased: [id: 2][route: {}->http://192.168.25.154:8080][total kept alive: 0; route allocated: 1 of 32; total allocated: 1 of 128]
2017-10-03 21:36:34,097 [main] [org.apache.http.impl.conn.DefaultClientConnectionOperator]-[DEBUG] Connecting to 192.168.25.154:8080
2017-10-03 21:36:55,092 [main] [org.apache.http.impl.conn.DefaultClientConnection]-[DEBUG] Connection org.apache.http.impl.conn.DefaultClientConnection@324de897 closed
2017-10-03 21:36:55,092 [main] [org.apache.http.impl.conn.DefaultClientConnection]-[DEBUG] Connection org.apache.http.impl.conn.DefaultClientConnection@324de897 shut down
2017-10-03 21:36:55,092 [main] [org.apache.http.impl.conn.DefaultClientConnection]-[DEBUG] Connection org.apache.http.impl.conn.DefaultClientConnection@324de897 closed
2017-10-03 21:36:55,092 [main] [org.apache.http.impl.conn.PoolingClientConnectionManager]-[DEBUG] Connection released: [id: 2][route: {}->http://192.168.25.154:8080][total kept alive: 0; route allocated: 0 of 32; total allocated: 0 of 128]
